{
  "RSpec": {
    "coverage": {
      "/mnt/c/Users/t510599/workspace/NTHU/ServSec/chitchat-api/spec/app_test_loader.rb": {
        "lines": [
          null,
          null,
          null,
          null,
          1,
          1,
          null,
          1,
          841,
          null,
          null,
          1,
          1,
          1,
          null
        ]
      },
      "/mnt/c/Users/t510599/workspace/NTHU/ServSec/chitchat-api/require_app.rb": {
        "lines": [
          null,
          null,
          null,
          null,
          null,
          null,
          null,
          null,
          null,
          null,
          1,
          6,
          1,
          1,
          null,
          1,
          45,
          null,
          null
        ]
      },
      "/mnt/c/Users/t510599/workspace/NTHU/ServSec/chitchat-api/config/environments.rb": {
        "lines": [
          null,
          null,
          1,
          1,
          1,
          1,
          1,
          1,
          1,
          null,
          1,
          null,
          1,
          1,
          null,
          null,
          1,
          null,
          1,
          null,
          null,
          null,
          1,
          null,
          null,
          1,
          null,
          null,
          1,
          1,
          1,
          null,
          1,
          0,
          null,
          null,
          1,
          1,
          null,
          null,
          null,
          null,
          1,
          1,
          null,
          null,
          1,
          null,
          1,
          1,
          1,
          null,
          null,
          null
        ]
      },
      "/mnt/c/Users/t510599/workspace/NTHU/ServSec/chitchat-api/app/lib/secure_db.rb": {
        "lines": [
          null,
          null,
          1,
          null,
          null,
          1,
          1,
          null,
          null,
          1,
          49,
          null,
          49,
          49,
          null,
          null,
          null,
          1,
          7,
          null,
          7,
          7,
          null,
          null
        ]
      },
      "/mnt/c/Users/t510599/workspace/NTHU/ServSec/chitchat-api/app/lib/securable.rb": {
        "lines": [
          null,
          null,
          1,
          1,
          null,
          null,
          1,
          1,
          null,
          null,
          1,
          0,
          0,
          null,
          null,
          null,
          1,
          2,
          null,
          2,
          null,
          null,
          1,
          139,
          null,
          null,
          null,
          1,
          93,
          93,
          null,
          null,
          null,
          1,
          46,
          46,
          null,
          null
        ]
      },
      "/mnt/c/Users/t510599/workspace/NTHU/ServSec/chitchat-api/app/lib/auth_token.rb": {
        "lines": [
          null,
          null,
          1,
          1,
          1,
          null,
          null,
          null,
          null,
          null,
          null,
          1,
          1,
          null,
          1,
          1,
          1,
          1,
          1,
          null,
          1,
          1,
          null,
          null,
          1,
          38,
          38,
          37,
          37,
          37,
          null,
          null,
          null,
          1,
          74,
          null,
          0,
          null,
          null,
          null,
          1,
          null,
          null,
          1,
          37,
          null,
          null,
          1,
          37,
          null,
          null,
          1,
          null,
          null,
          1,
          41,
          null,
          null,
          null,
          null,
          null,
          null,
          1,
          41,
          null,
          null,
          null,
          1,
          44,
          null,
          44,
          44,
          44,
          null,
          null,
          null,
          1,
          40,
          null,
          40,
          39,
          39,
          null,
          1,
          null,
          null
        ]
      },
      "/mnt/c/Users/t510599/workspace/NTHU/ServSec/chitchat-api/app/lib/auth_scope.rb": {
        "lines": [
          null,
          null,
          null,
          1,
          1,
          1,
          1,
          1,
          1,
          null,
          1,
          1,
          null,
          1,
          82,
          82,
          165,
          null,
          null,
          1,
          13,
          null,
          null,
          1,
          58,
          null,
          null,
          1,
          41,
          null,
          null,
          1,
          null,
          1,
          18,
          null,
          null,
          1,
          83,
          null,
          null,
          1,
          94,
          null,
          null,
          1,
          83,
          83,
          83,
          null,
          null
        ]
      },
      "/mnt/c/Users/t510599/workspace/NTHU/ServSec/chitchat-api/app/lib/sendgrid.rb": {
        "lines": [
          null,
          null,
          null,
          null,
          1,
          1,
          null,
          null,
          1,
          1,
          1,
          1,
          null,
          1,
          null,
          1,
          1,
          1,
          null,
          1,
          1,
          null,
          null,
          1,
          null,
          0,
          null,
          null,
          null,
          null,
          null,
          null,
          null,
          null,
          null,
          null,
          null,
          1,
          0,
          null,
          0,
          null,
          0,
          null,
          null
        ]
      },
      "/mnt/c/Users/t510599/workspace/NTHU/ServSec/chitchat-api/app/models/account.rb": {
        "lines": [
          null,
          null,
          1,
          1,
          null,
          1,
          null,
          1,
          1,
          1,
          1,
          null,
          null,
          null,
          1,
          null,
          null,
          null,
          1,
          null,
          null,
          null,
          1,
          1,
          null,
          1,
          null,
          1,
          57,
          null,
          null,
          null,
          null,
          null,
          null,
          null,
          null,
          null,
          null,
          null,
          1,
          8,
          null,
          null,
          1,
          71,
          71,
          null,
          null,
          1,
          116,
          null,
          null,
          1,
          43,
          null,
          null,
          null
        ]
      },
      "/mnt/c/Users/t510599/workspace/NTHU/ServSec/chitchat-api/app/models/event.rb": {
        "lines": [
          null,
          null,
          1,
          null,
          1,
          1,
          null,
          1,
          null,
          1,
          null,
          null,
          null,
          null,
          null,
          1,
          null,
          1,
          1,
          1,
          null,
          null,
          1,
          null,
          null,
          1,
          null,
          null,
          1,
          null,
          1,
          1,
          1,
          null,
          1,
          1,
          null,
          1,
          null,
          6,
          null,
          null,
          null,
          null,
          null,
          null,
          null,
          null,
          null,
          null,
          null,
          null,
          null,
          null,
          null,
          null,
          null,
          1,
          70,
          null,
          null,
          1,
          15,
          null,
          null,
          1,
          5,
          null,
          null,
          null,
          null,
          null,
          null
        ]
      },
      "/mnt/c/Users/t510599/workspace/NTHU/ServSec/chitchat-api/app/models/location.rb": {
        "lines": [
          null,
          null,
          1,
          1,
          1,
          null,
          1,
          null,
          1,
          1,
          null,
          1,
          1,
          null,
          1,
          0,
          null,
          null,
          1,
          23,
          null,
          null,
          1,
          null,
          23,
          null,
          null,
          null,
          null,
          null,
          1,
          65,
          null,
          null,
          1,
          33,
          33,
          null,
          null,
          1,
          34,
          null,
          null,
          null,
          1,
          6,
          6,
          null,
          6,
          6,
          6,
          null,
          6,
          6,
          null,
          18,
          18,
          null,
          6,
          6,
          null,
          6,
          null,
          null,
          1,
          6,
          null,
          null,
          null
        ]
      },
      "/mnt/c/Users/t510599/workspace/NTHU/ServSec/chitchat-api/app/models/github_account.rb": {
        "lines": [
          null,
          null,
          1,
          null,
          1,
          1,
          null,
          1,
          0,
          0,
          null,
          null,
          1,
          0,
          null,
          null,
          1,
          null,
          0,
          null,
          null,
          null,
          null,
          null
        ]
      },
      "/mnt/c/Users/t510599/workspace/NTHU/ServSec/chitchat-api/app/models/password_digest.rb": {
        "lines": [
          null,
          null,
          1,
          null,
          1,
          null,
          1,
          1,
          null,
          null,
          1,
          45,
          null,
          null,
          1,
          45,
          null,
          null,
          1,
          119,
          null,
          null,
          1,
          45,
          null,
          null,
          null
        ]
      },
      "/mnt/c/Users/t510599/workspace/NTHU/ServSec/chitchat-api/app/lib/key_stretch.rb": {
        "lines": [
          null,
          null,
          1,
          null,
          null,
          1,
          1,
          119,
          119,
          119,
          null,
          119,
          null,
          null,
          119,
          null,
          null,
          1,
          45,
          null,
          null
        ]
      },
      "/mnt/c/Users/t510599/workspace/NTHU/ServSec/chitchat-api/app/models/postit.rb": {
        "lines": [
          null,
          null,
          1,
          1,
          1,
          null,
          1,
          null,
          1,
          null,
          null,
          null,
          null,
          null,
          1,
          null,
          1,
          1,
          1,
          null,
          1,
          1,
          1,
          1,
          null,
          1,
          null,
          1,
          null,
          5,
          null,
          null,
          null,
          null,
          null,
          null,
          null,
          null,
          null,
          1,
          5,
          null,
          null,
          2,
          null,
          null,
          null,
          null,
          null,
          null,
          null,
          null,
          null,
          null,
          1,
          5,
          null,
          null,
          1,
          5,
          null,
          null,
          1,
          46,
          null,
          null,
          1,
          null,
          null,
          null,
          null
        ]
      },
      "/mnt/c/Users/t510599/workspace/NTHU/ServSec/chitchat-api/app/controllers/accounts.rb": {
        "lines": [
          null,
          null,
          1,
          1,
          1,
          null,
          1,
          null,
          1,
          1,
          5,
          5,
          null,
          2,
          1,
          1,
          null,
          null,
          null,
          null,
          1,
          null,
          0,
          null,
          null,
          1,
          null,
          1,
          1,
          1,
          1,
          null,
          0,
          null,
          null,
          null,
          null,
          null,
          3,
          3,
          2,
          null,
          1,
          1,
          1,
          null,
          1,
          1,
          null,
          1,
          null,
          0,
          0,
          null,
          null,
          null,
          null
        ]
      },
      "/mnt/c/Users/t510599/workspace/NTHU/ServSec/chitchat-api/app/controllers/app.rb": {
        "lines": [
          null,
          null,
          1,
          1,
          1,
          null,
          1,
          null,
          1,
          1,
          1,
          1,
          1,
          1,
          null,
          1,
          null,
          1,
          null,
          1,
          39,
          null,
          39,
          null,
          null,
          null,
          38,
          37,
          null,
          1,
          null,
          null,
          37,
          1,
          1,
          null,
          null,
          36,
          36,
          36,
          36,
          null,
          null,
          null,
          null,
          null
        ]
      },
      "/mnt/c/Users/t510599/workspace/NTHU/ServSec/chitchat-api/app/controllers/controllers_common.rb": {
        "lines": [
          null,
          null,
          1,
          null,
          1,
          1,
          39,
          null,
          null,
          1,
          38,
          null,
          25,
          25,
          null,
          25,
          null,
          null,
          1,
          25,
          24,
          null,
          24,
          null,
          null,
          null,
          null
        ]
      },
      "/mnt/c/Users/t510599/workspace/NTHU/ServSec/chitchat-api/app/controllers/auth.rb": {
        "lines": [
          null,
          null,
          1,
          1,
          1,
          1,
          null,
          1,
          null,
          1,
          1,
          null,
          null,
          3,
          null,
          1,
          null,
          null,
          2,
          null,
          0,
          0,
          0,
          null,
          0,
          0,
          0,
          null,
          0,
          null,
          0,
          0,
          null,
          0,
          0,
          null,
          null,
          null,
          2,
          null,
          2,
          2,
          1,
          null,
          1,
          null,
          null,
          null,
          0,
          0,
          null,
          0,
          0,
          0,
          0,
          null,
          0,
          null,
          0,
          0,
          0,
          null,
          null,
          null,
          null,
          null,
          null
        ]
      },
      "/mnt/c/Users/t510599/workspace/NTHU/ServSec/chitchat-api/app/services/validate_registration.rb": {
        "lines": [
          null,
          null,
          1,
          null,
          1,
          1,
          null,
          1,
          0,
          null,
          null,
          1,
          0,
          null,
          null,
          1,
          0,
          null,
          null,
          1,
          0,
          0,
          null,
          null,
          null
        ]
      },
      "/mnt/c/Users/t510599/workspace/NTHU/ServSec/chitchat-api/app/services/send_registration_email.rb": {
        "lines": [
          null,
          null,
          1,
          null,
          1,
          null,
          1,
          1,
          0,
          null,
          null,
          1,
          0,
          null,
          null,
          null,
          null,
          null,
          null,
          1,
          0,
          null,
          null,
          null
        ]
      },
      "/mnt/c/Users/t510599/workspace/NTHU/ServSec/chitchat-api/app/controllers/events.rb": {
        "lines": [
          null,
          null,
          1,
          1,
          1,
          null,
          1,
          null,
          1,
          1,
          22,
          null,
          null,
          22,
          1,
          1,
          1,
          null,
          0,
          null,
          null,
          21,
          18,
          null,
          18,
          null,
          4,
          2,
          2,
          null,
          null,
          null,
          null,
          1,
          null,
          1,
          null,
          0,
          null,
          null,
          null,
          2,
          2,
          2,
          null,
          null,
          null,
          null,
          1,
          null,
          null,
          1,
          null,
          0,
          null,
          null,
          null,
          14,
          null,
          2,
          1,
          null,
          null,
          null,
          1,
          null,
          0,
          null,
          0,
          null,
          null,
          null,
          1,
          1,
          null,
          null,
          null,
          1,
          null,
          0,
          null,
          0,
          null,
          null,
          null,
          12,
          null,
          3,
          3,
          3,
          null,
          null,
          null,
          null,
          1,
          null,
          2,
          null,
          0,
          null,
          null,
          null,
          0,
          0,
          0,
          null,
          null,
          null,
          null,
          0,
          null,
          0,
          null,
          0,
          null,
          null,
          null,
          9,
          null,
          4,
          2,
          null,
          null,
          null,
          1,
          null,
          1,
          null,
          null,
          null,
          2,
          2,
          2,
          null,
          null,
          null,
          null,
          1,
          1,
          null,
          1,
          null,
          0,
          0,
          null,
          0,
          0,
          null,
          null,
          null,
          null,
          5,
          2,
          2,
          2,
          null,
          0,
          null,
          null,
          null,
          3,
          3,
          3,
          null,
          1,
          null,
          null,
          null,
          2,
          null,
          null,
          null,
          0,
          0,
          0,
          0,
          null,
          0,
          0,
          null,
          0,
          null,
          0,
          0,
          null,
          null,
          null,
          0,
          0,
          0,
          null,
          0,
          null,
          0,
          null,
          null,
          null,
          3,
          null,
          3,
          1,
          1,
          1,
          null,
          0,
          null,
          null,
          null,
          2,
          2,
          2,
          null,
          1,
          1,
          null,
          1,
          1,
          null,
          0,
          0,
          null,
          null,
          null,
          null,
          null
        ]
      },
      "/mnt/c/Users/t510599/workspace/NTHU/ServSec/chitchat-api/app/controllers/postits.rb": {
        "lines": [
          null,
          null,
          1,
          1,
          1,
          null,
          1,
          null,
          1,
          1,
          null,
          6,
          3,
          3,
          3,
          null,
          2,
          null,
          null,
          null,
          3,
          1,
          1,
          null,
          0,
          null,
          null,
          null,
          2,
          2,
          2,
          1,
          null,
          1,
          1,
          1,
          null,
          0,
          null,
          null,
          1,
          1,
          null,
          0,
          0,
          null,
          null,
          null,
          null
        ]
      },
      "/mnt/c/Users/t510599/workspace/NTHU/ServSec/chitchat-api/app/lib/redis_cache.rb": {
        "lines": [
          null,
          null,
          1,
          null,
          1,
          1,
          null,
          1,
          1,
          132,
          null,
          null,
          1,
          53,
          null,
          null,
          1,
          61,
          null,
          null,
          1,
          8,
          null,
          null,
          1,
          71,
          null,
          null,
          1,
          8,
          null,
          null,
          null,
          null
        ]
      },
      "/mnt/c/Users/t510599/workspace/NTHU/ServSec/chitchat-api/app/lib/signed_request.rb": {
        "lines": [
          null,
          null,
          1,
          1,
          null,
          null,
          1,
          1,
          null,
          1,
          10,
          10,
          null,
          null,
          1,
          0,
          0,
          null,
          0,
          null,
          null,
          null,
          1,
          6,
          6,
          null,
          null,
          null,
          1,
          4,
          4,
          null,
          4,
          null,
          4,
          null,
          null,
          1,
          null,
          1,
          6,
          4,
          4,
          null,
          2,
          null,
          null
        ]
      },
      "/mnt/c/Users/t510599/workspace/NTHU/ServSec/chitchat-api/app/services/add_applicant.rb": {
        "lines": [
          null,
          null,
          1,
          null,
          1,
          null,
          1,
          1,
          0,
          null,
          null,
          null,
          1,
          3,
          null,
          3,
          null,
          2,
          null,
          2,
          null,
          null,
          null
        ]
      },
      "/mnt/c/Users/t510599/workspace/NTHU/ServSec/chitchat-api/app/services/add_co_organizer.rb": {
        "lines": [
          null,
          null,
          1,
          null,
          1,
          null,
          1,
          1,
          1,
          null,
          null,
          null,
          1,
          3,
          null,
          3,
          null,
          3,
          null,
          2,
          2,
          null,
          null,
          null
        ]
      },
      "/mnt/c/Users/t510599/workspace/NTHU/ServSec/chitchat-api/app/services/add_participant.rb": {
        "lines": [
          null,
          null,
          1,
          null,
          1,
          null,
          1,
          1,
          2,
          null,
          null,
          null,
          1,
          3,
          null,
          3,
          null,
          3,
          null,
          1,
          1,
          null,
          1,
          null,
          null,
          null
        ]
      },
      "/mnt/c/Users/t510599/workspace/NTHU/ServSec/chitchat-api/app/services/authenticate_account.rb": {
        "lines": [
          null,
          null,
          1,
          null,
          1,
          null,
          1,
          1,
          3,
          3,
          null,
          null,
          1,
          0,
          null,
          null,
          null,
          1,
          43,
          43,
          null,
          40,
          null,
          3,
          null,
          null,
          1,
          null,
          40,
          null,
          null,
          null,
          null,
          null,
          null,
          null,
          null
        ]
      },
      "/mnt/c/Users/t510599/workspace/NTHU/ServSec/chitchat-api/app/services/authorize_account.rb": {
        "lines": [
          null,
          null,
          1,
          null,
          1,
          null,
          1,
          1,
          0,
          null,
          null,
          null,
          1,
          1,
          1,
          1,
          null,
          1,
          null,
          1,
          null,
          null,
          1,
          null,
          1,
          null,
          null,
          null,
          null,
          null,
          null,
          null,
          null
        ]
      },
      "/mnt/c/Users/t510599/workspace/NTHU/ServSec/chitchat-api/app/services/create_event_for_organizer.rb": {
        "lines": [
          null,
          null,
          1,
          null,
          1,
          null,
          1,
          1,
          0,
          null,
          null,
          null,
          1,
          6,
          null,
          6,
          null,
          null,
          null
        ]
      },
      "/mnt/c/Users/t510599/workspace/NTHU/ServSec/chitchat-api/app/services/create_postit_for_event.rb": {
        "lines": [
          null,
          null,
          1,
          null,
          1,
          1,
          null,
          1,
          null,
          4,
          null,
          4,
          null,
          2,
          2,
          2,
          null,
          2,
          null,
          null,
          null
        ]
      },
      "/mnt/c/Users/t510599/workspace/NTHU/ServSec/chitchat-api/app/services/delete_event.rb": {
        "lines": [
          null,
          null,
          1,
          null,
          1,
          null,
          1,
          1,
          0,
          null,
          null,
          null,
          1,
          1,
          null,
          1,
          null,
          1,
          null,
          null,
          null
        ]
      },
      "/mnt/c/Users/t510599/workspace/NTHU/ServSec/chitchat-api/app/services/edit_event.rb": {
        "lines": [
          null,
          null,
          1,
          null,
          1,
          null,
          1,
          1,
          0,
          null,
          null,
          null,
          1,
          1,
          null,
          1,
          null,
          1,
          null,
          null,
          null
        ]
      },
      "/mnt/c/Users/t510599/workspace/NTHU/ServSec/chitchat-api/app/services/get_postits_query.rb": {
        "lines": [
          null,
          null,
          1,
          null,
          1,
          null,
          1,
          1,
          0,
          null,
          null,
          null,
          1,
          2,
          null,
          2,
          null,
          1,
          null,
          null,
          null
        ]
      },
      "/mnt/c/Users/t510599/workspace/NTHU/ServSec/chitchat-api/app/services/github_oauth_account.rb": {
        "lines": [
          null,
          null,
          1,
          null,
          1,
          null,
          1,
          null,
          1,
          0,
          null,
          null,
          1,
          0,
          null,
          null,
          null,
          null,
          null,
          0,
          0,
          null,
          0,
          null,
          null,
          1,
          0,
          0,
          null,
          0,
          0,
          null,
          null,
          1,
          0,
          null,
          0,
          0,
          null,
          0,
          0,
          0,
          null,
          null,
          1,
          0,
          0,
          null,
          0,
          null,
          null,
          1,
          0,
          0,
          0,
          null,
          0,
          null,
          null,
          1,
          null,
          0,
          null,
          null,
          null,
          null,
          null,
          null,
          null,
          null
        ]
      },
      "/mnt/c/Users/t510599/workspace/NTHU/ServSec/chitchat-api/app/services/remove_applicant.rb": {
        "lines": [
          null,
          null,
          1,
          null,
          1,
          null,
          1,
          1,
          0,
          null,
          null,
          null,
          1,
          1,
          null,
          1,
          null,
          1,
          null,
          1,
          null,
          null,
          null
        ]
      },
      "/mnt/c/Users/t510599/workspace/NTHU/ServSec/chitchat-api/app/services/remove_co_organizer.rb": {
        "lines": [
          null,
          null,
          1,
          null,
          1,
          null,
          1,
          1,
          1,
          null,
          null,
          null,
          1,
          3,
          3,
          null,
          3,
          null,
          2,
          2,
          null,
          null,
          null
        ]
      },
      "/mnt/c/Users/t510599/workspace/NTHU/ServSec/chitchat-api/app/services/remove_participant.rb": {
        "lines": [
          null,
          null,
          1,
          null,
          1,
          null,
          1,
          1,
          0,
          null,
          null,
          null,
          1,
          0,
          0,
          null,
          0,
          null,
          0,
          0,
          null,
          null,
          null
        ]
      },
      "/mnt/c/Users/t510599/workspace/NTHU/ServSec/chitchat-api/app/services/update_location.rb": {
        "lines": [
          null,
          null,
          1,
          null,
          1,
          null,
          1,
          1,
          0,
          null,
          null,
          null,
          1,
          1,
          1,
          null,
          null,
          null
        ]
      },
      "/mnt/c/Users/t510599/workspace/NTHU/ServSec/chitchat-api/app/policies/account_policy.rb": {
        "lines": [
          null,
          null,
          1,
          null,
          1,
          1,
          3,
          3,
          null,
          null,
          1,
          4,
          null,
          null,
          1,
          0,
          null,
          null,
          1,
          0,
          null,
          null,
          1,
          null,
          0,
          null,
          null,
          null,
          null,
          null,
          1,
          null,
          1,
          4,
          null,
          null,
          1,
          2,
          2,
          null,
          null,
          null,
          null,
          null,
          1,
          2,
          null,
          null,
          null
        ]
      },
      "/mnt/c/Users/t510599/workspace/NTHU/ServSec/chitchat-api/app/policies/applicant_request_policy.rb": {
        "lines": [
          null,
          null,
          1,
          null,
          1,
          1,
          4,
          4,
          4,
          4,
          null,
          null,
          1,
          3,
          null,
          null,
          1,
          1,
          null,
          null,
          1,
          4,
          null,
          null,
          null
        ]
      },
      "/mnt/c/Users/t510599/workspace/NTHU/ServSec/chitchat-api/app/policies/co_organizer_request_policy.rb": {
        "lines": [
          null,
          null,
          1,
          null,
          1,
          1,
          6,
          6,
          6,
          6,
          6,
          6,
          null,
          null,
          1,
          3,
          null,
          null,
          1,
          3,
          null,
          null,
          1,
          6,
          null,
          null,
          1,
          null,
          1,
          3,
          null,
          null,
          null
        ]
      },
      "/mnt/c/Users/t510599/workspace/NTHU/ServSec/chitchat-api/app/policies/event_account_scopes.rb": {
        "lines": [
          null,
          null,
          1,
          null,
          1,
          1,
          2,
          2,
          2,
          null,
          null,
          1,
          2,
          2,
          null,
          null,
          1,
          null,
          1,
          1,
          1,
          3,
          null,
          null,
          null,
          null,
          1,
          1,
          null,
          null,
          1,
          3,
          null,
          null,
          null
        ]
      },
      "/mnt/c/Users/t510599/workspace/NTHU/ServSec/chitchat-api/app/policies/event_policy.rb": {
        "lines": [
          null,
          null,
          1,
          null,
          1,
          1,
          33,
          33,
          33,
          null,
          null,
          1,
          1,
          null,
          null,
          1,
          2,
          null,
          null,
          1,
          2,
          null,
          null,
          1,
          1,
          null,
          null,
          1,
          2,
          null,
          1,
          null,
          null,
          1,
          4,
          null,
          2,
          null,
          null,
          1,
          2,
          null,
          null,
          1,
          4,
          null,
          null,
          1,
          4,
          null,
          null,
          1,
          4,
          null,
          null,
          1,
          1,
          null,
          null,
          1,
          3,
          null,
          1,
          null,
          null,
          1,
          3,
          3,
          null,
          null,
          1,
          2,
          null,
          null,
          1,
          3,
          null,
          null,
          1,
          4,
          null,
          null,
          1,
          31,
          null,
          null,
          1,
          null,
          1,
          null,
          null,
          null,
          null,
          null,
          null,
          null,
          null,
          null,
          null,
          null,
          null,
          1,
          null,
          1,
          4,
          null,
          null,
          null,
          1,
          6,
          null,
          null,
          1,
          29,
          null,
          null,
          1,
          7,
          null,
          null,
          1,
          5,
          null,
          null,
          1,
          7,
          null,
          null,
          null
        ]
      },
      "/mnt/c/Users/t510599/workspace/NTHU/ServSec/chitchat-api/app/policies/event_scopes.rb": {
        "lines": [
          null,
          null,
          1,
          null,
          1,
          null,
          1,
          1,
          2,
          null,
          null,
          1,
          2,
          null,
          null,
          1,
          1,
          4,
          null,
          null,
          null,
          1,
          null,
          1,
          4,
          null,
          null,
          null,
          null,
          null,
          null
        ]
      },
      "/mnt/c/Users/t510599/workspace/NTHU/ServSec/chitchat-api/app/policies/participant_request_policy.rb": {
        "lines": [
          null,
          null,
          1,
          null,
          1,
          1,
          3,
          3,
          3,
          3,
          3,
          3,
          null,
          null,
          null,
          null,
          null,
          1,
          3,
          null,
          null,
          1,
          0,
          null,
          null,
          null,
          1,
          0,
          null,
          null,
          1,
          3,
          null,
          null,
          1,
          null,
          1,
          0,
          null,
          null,
          null
        ]
      },
      "/mnt/c/Users/t510599/workspace/NTHU/ServSec/chitchat-api/spec/integration/api_accounts_spec.rb": {
        "lines": [
          null,
          null,
          1,
          null,
          1,
          1,
          null,
          1,
          4,
          4,
          null,
          null,
          1,
          1,
          1,
          1,
          null,
          1,
          1,
          1,
          null,
          1,
          1,
          1,
          1,
          1,
          1,
          1,
          null,
          null,
          null,
          1,
          1,
          3,
          null,
          null,
          1,
          1,
          1,
          1,
          null,
          1,
          1,
          null,
          1,
          1,
          1,
          null,
          null,
          1,
          1,
          1,
          null,
          1,
          1,
          null,
          null,
          1,
          1,
          null,
          1,
          1,
          null,
          null,
          null
        ]
      },
      "/mnt/c/Users/t510599/workspace/NTHU/ServSec/chitchat-api/spec/integration/api_applicants_spec.rb": {
        "lines": [
          null,
          null,
          1,
          null,
          1,
          1,
          null,
          1,
          2,
          2,
          2,
          null,
          2,
          2,
          null,
          null,
          1,
          1,
          1,
          null,
          1,
          null,
          1,
          null,
          1,
          1,
          null,
          null,
          1,
          1,
          null,
          1,
          null,
          1,
          null,
          1,
          null,
          1,
          1,
          null,
          null,
          null
        ]
      },
      "/mnt/c/Users/t510599/workspace/NTHU/ServSec/chitchat-api/spec/integration/api_auth_spec.rb": {
        "lines": [
          null,
          null,
          1,
          null,
          1,
          1,
          null,
          1,
          3,
          3,
          null,
          null,
          1,
          1,
          3,
          3,
          null,
          null,
          1,
          1,
          null,
          1,
          1,
          1,
          1,
          1,
          null,
          null,
          1,
          1,
          null,
          null,
          1,
          1,
          null,
          1,
          1,
          1,
          null,
          null,
          1,
          1,
          1,
          null,
          1,
          1,
          1,
          null,
          null,
          null
        ]
      },
      "/mnt/c/Users/t510599/workspace/NTHU/ServSec/chitchat-api/spec/integration/api_co_organizers_spec.rb": {
        "lines": [
          null,
          null,
          1,
          null,
          1,
          1,
          null,
          1,
          4,
          4,
          4,
          null,
          4,
          4,
          null,
          4,
          4,
          null,
          4,
          null,
          4,
          null,
          null,
          null,
          null,
          4,
          4,
          null,
          null,
          1,
          1,
          1,
          null,
          1,
          null,
          1,
          null,
          1,
          null,
          1,
          1,
          null,
          null,
          null,
          null,
          null,
          null,
          null,
          null,
          null,
          null,
          null,
          null,
          null,
          1,
          1,
          null,
          1,
          1,
          1,
          null,
          1,
          1,
          null,
          null,
          null,
          1,
          1,
          1,
          1,
          null,
          1,
          1,
          null,
          1,
          null,
          null,
          null,
          null,
          null,
          null,
          null,
          null,
          null,
          null,
          null,
          1,
          1,
          null,
          1,
          1,
          null,
          1,
          null,
          null,
          null
        ]
      },
      "/mnt/c/Users/t510599/workspace/NTHU/ServSec/chitchat-api/spec/integration/api_events_accounts_spec.rb": {
        "lines": [
          null,
          null,
          1,
          null,
          1,
          1,
          0,
          null,
          0,
          0,
          0,
          0,
          null,
          0,
          0,
          0,
          0,
          null,
          0,
          null,
          0,
          0,
          0,
          null,
          null,
          null,
          1,
          null,
          null,
          null,
          null,
          null,
          null,
          null,
          null,
          null
        ]
      },
      "/mnt/c/Users/t510599/workspace/NTHU/ServSec/chitchat-api/spec/integration/api_events_postits_spec.rb": {
        "lines": [
          null,
          null,
          1,
          null,
          1,
          1,
          4,
          null,
          4,
          4,
          null,
          4,
          4,
          null,
          4,
          4,
          null,
          4,
          4,
          4,
          null,
          4,
          4,
          4,
          null,
          null,
          1,
          1,
          1,
          1,
          1,
          null,
          1,
          1,
          null,
          null,
          1,
          1,
          1,
          1,
          null,
          1,
          1,
          null,
          null,
          null,
          1,
          1,
          1,
          1,
          1,
          null,
          1,
          null,
          null,
          1,
          1,
          1,
          1,
          null,
          1,
          null,
          null
        ]
      },
      "/mnt/c/Users/t510599/workspace/NTHU/ServSec/chitchat-api/spec/integration/api_events_spec.rb": {
        "lines": [
          null,
          null,
          1,
          null,
          1,
          1,
          7,
          null,
          7,
          7,
          null,
          7,
          7,
          null,
          7,
          7,
          null,
          7,
          null,
          7,
          null,
          7,
          28,
          null,
          null,
          7,
          7,
          7,
          null,
          null,
          1,
          1,
          1,
          1,
          1,
          null,
          1,
          1,
          null,
          null,
          1,
          1,
          1,
          1,
          null,
          1,
          1,
          null,
          null,
          null,
          1,
          1,
          1,
          1,
          null,
          1,
          1,
          null,
          null,
          1,
          1,
          null,
          1,
          null,
          null,
          1,
          1,
          1,
          1,
          1,
          null,
          1,
          null,
          null,
          1,
          1,
          null,
          1,
          null,
          null,
          1,
          1,
          1,
          1,
          null,
          1,
          null,
          null
        ]
      },
      "/mnt/c/Users/t510599/workspace/NTHU/ServSec/chitchat-api/spec/integration/api_location_spec.rb": {
        "lines": [
          null,
          null,
          1,
          null,
          1,
          1,
          null,
          1,
          3,
          3,
          3,
          3,
          null,
          3,
          3,
          3,
          null,
          3,
          3,
          null,
          null,
          1,
          1,
          1,
          1,
          1,
          null,
          null,
          1,
          1,
          1,
          1,
          1,
          1,
          1,
          1,
          null,
          1,
          1,
          null,
          1,
          1,
          null,
          null,
          1,
          1,
          1,
          1,
          1,
          1,
          1,
          null,
          1,
          1,
          null,
          1,
          1,
          null,
          null,
          null
        ]
      },
      "/mnt/c/Users/t510599/workspace/NTHU/ServSec/chitchat-api/spec/integration/api_participations_spec.rb": {
        "lines": [
          null,
          null,
          1,
          null,
          1,
          1,
          null,
          1,
          3,
          3,
          3,
          null,
          3,
          3,
          null,
          3,
          3,
          null,
          3,
          3,
          null,
          3,
          null,
          null,
          1,
          1,
          1,
          null,
          1,
          null,
          1,
          null,
          1,
          null,
          1,
          null,
          1,
          1,
          null,
          null,
          1,
          1,
          null,
          1,
          null,
          1,
          null,
          1,
          null,
          null,
          1,
          1,
          1,
          null,
          1,
          null,
          1,
          null,
          1,
          null,
          1,
          null,
          null,
          null
        ]
      },
      "/mnt/c/Users/t510599/workspace/NTHU/ServSec/chitchat-api/spec/integration/api_postits_spec.rb": {
        "lines": [
          null,
          null,
          1,
          null,
          1,
          1,
          7,
          null,
          7,
          7,
          7,
          7,
          7,
          7,
          null,
          7,
          21,
          null,
          null,
          null,
          1,
          1,
          1,
          1,
          1,
          null,
          1,
          1,
          null,
          null,
          1,
          1,
          1,
          1,
          null,
          1,
          1,
          null,
          null,
          null,
          1,
          1,
          1,
          1,
          null,
          1,
          1,
          null,
          null,
          1,
          1,
          null,
          1,
          null,
          null,
          1,
          1,
          1,
          1,
          null,
          1,
          null,
          null,
          1,
          1,
          null,
          1,
          null,
          null,
          1,
          1,
          1,
          1,
          null,
          1,
          null,
          null
        ]
      },
      "/mnt/c/Users/t510599/workspace/NTHU/ServSec/chitchat-api/spec/integration/api_spec.rb": {
        "lines": [
          null,
          null,
          1,
          null,
          1,
          1,
          1,
          1,
          1,
          null,
          null,
          1,
          1,
          1,
          1,
          null,
          null
        ]
      },
      "/mnt/c/Users/t510599/workspace/NTHU/ServSec/chitchat-api/spec/integration/service_add_applicants_spec.rb": {
        "lines": [
          null,
          null,
          1,
          null,
          1,
          1,
          null,
          1,
          2,
          2,
          2,
          2,
          null,
          2,
          null,
          null,
          1,
          1,
          1,
          null,
          1,
          null,
          null,
          null,
          1,
          1,
          null,
          null,
          1,
          1,
          null,
          1,
          1,
          null,
          null,
          null,
          null,
          null,
          null,
          null
        ]
      },
      "/mnt/c/Users/t510599/workspace/NTHU/ServSec/chitchat-api/spec/integration/service_add_co_organizer_spec.rb": {
        "lines": [
          null,
          null,
          1,
          null,
          1,
          1,
          2,
          2,
          2,
          null,
          2,
          null,
          2,
          null,
          null,
          null,
          2,
          2,
          2,
          null,
          null,
          1,
          1,
          1,
          null,
          null,
          null,
          null,
          1,
          null,
          null,
          1,
          1,
          null,
          1,
          1,
          null,
          null,
          null,
          null,
          1,
          null,
          null
        ]
      },
      "/mnt/c/Users/t510599/workspace/NTHU/ServSec/chitchat-api/spec/integration/service_add_postit_spec.rb": {
        "lines": [
          null,
          null,
          1,
          null,
          1,
          1,
          2,
          2,
          2,
          null,
          2,
          2,
          null,
          2,
          2,
          null,
          null,
          1,
          1,
          1,
          1,
          null,
          null,
          null,
          null,
          1,
          1,
          null,
          null,
          1,
          1,
          1,
          1,
          null,
          null,
          null,
          null,
          null,
          null,
          null
        ]
      },
      "/mnt/c/Users/t510599/workspace/NTHU/ServSec/chitchat-api/spec/integration/service_authenticate_account_spec.rb": {
        "lines": [
          null,
          null,
          1,
          null,
          1,
          1,
          3,
          null,
          3,
          12,
          null,
          null,
          null,
          1,
          1,
          1,
          null,
          null,
          1,
          null,
          null,
          1,
          1,
          1,
          1,
          null,
          null,
          null,
          null,
          null,
          1,
          1,
          1,
          null,
          null,
          null,
          null,
          null
        ]
      },
      "/mnt/c/Users/t510599/workspace/NTHU/ServSec/chitchat-api/spec/integration/service_edit_delete_event_spec.rb": {
        "lines": [
          null,
          null,
          1,
          null,
          1,
          1,
          2,
          2,
          2,
          null,
          2,
          2,
          null,
          2,
          2,
          2,
          null,
          null,
          1,
          1,
          null,
          1,
          null,
          null,
          null,
          null,
          1,
          1,
          null,
          null,
          1,
          1,
          1,
          null,
          null,
          null,
          1,
          null,
          null
        ]
      },
      "/mnt/c/Users/t510599/workspace/NTHU/ServSec/chitchat-api/spec/unit/account_events_spec.rb": {
        "lines": [
          null,
          null,
          1,
          null,
          1,
          1,
          3,
          null,
          3,
          12,
          null,
          null,
          3,
          12,
          null,
          null,
          null,
          1,
          1,
          1,
          null,
          1,
          1,
          null,
          null,
          1,
          1,
          1,
          null,
          1,
          1,
          null,
          null,
          1,
          1,
          1,
          1,
          null,
          null
        ]
      },
      "/mnt/c/Users/t510599/workspace/NTHU/ServSec/chitchat-api/spec/unit/account_policy_spec.rb": {
        "lines": [
          null,
          null,
          1,
          null,
          1,
          1,
          2,
          2,
          2,
          null,
          2,
          2,
          null,
          null,
          1,
          1,
          1,
          null,
          1,
          null,
          null,
          1,
          1,
          1,
          null,
          1,
          null,
          null
        ]
      },
      "/mnt/c/Users/t510599/workspace/NTHU/ServSec/chitchat-api/spec/unit/auth_scope_spec.rb": {
        "lines": [
          null,
          null,
          1,
          null,
          1,
          1,
          null,
          1,
          1,
          1,
          1,
          1,
          1,
          null,
          null,
          1,
          1,
          1,
          1,
          1,
          1,
          null,
          null,
          1,
          1,
          1,
          1,
          1,
          1,
          null,
          null,
          1,
          1,
          1,
          1,
          1,
          1,
          1,
          1,
          null,
          null
        ]
      },
      "/mnt/c/Users/t510599/workspace/NTHU/ServSec/chitchat-api/spec/unit/auth_token_spec.rb": {
        "lines": [
          null,
          null,
          1,
          null,
          1,
          1,
          1,
          1,
          1,
          null,
          null,
          1,
          1,
          1,
          1,
          1,
          null,
          null,
          1,
          1,
          1,
          1,
          1,
          null,
          null
        ]
      },
      "/mnt/c/Users/t510599/workspace/NTHU/ServSec/chitchat-api/spec/unit/location_spec.rb": {
        "lines": [
          null,
          null,
          1,
          null,
          1,
          1,
          1,
          1,
          1,
          null,
          null
        ]
      },
      "/mnt/c/Users/t510599/workspace/NTHU/ServSec/chitchat-api/spec/unit/password_digest_spec.rb": {
        "lines": [
          null,
          null,
          1,
          null,
          1,
          1,
          1,
          1,
          null,
          1,
          null,
          null,
          1,
          1,
          1,
          1,
          null,
          1,
          null,
          null,
          1,
          1,
          1,
          1,
          1,
          null,
          1,
          null,
          null
        ]
      },
      "/mnt/c/Users/t510599/workspace/NTHU/ServSec/chitchat-api/spec/unit/secure_db_spec.rb": {
        "lines": [
          null,
          null,
          1,
          null,
          1,
          1,
          1,
          1,
          1,
          null,
          null,
          1,
          1,
          1,
          1,
          1,
          null,
          null,
          1,
          1,
          1,
          1,
          1,
          null,
          null
        ]
      }
    },
    "timestamp": 1718958998
  }
}
